
C- COMPILATION: ../example/ser1_variable_not_declared.cm

Start parse():
1: void exemplo(void)
	1: reserved word: void
	1: ID, name= exemplo
	1: (
	1: reserved word: void
	1: )
2: {
	2: {
3:     int a; a = 0;
	3: reserved word: int
	3: ID, name= a
	3: ;
	3: ID, name= a
	3: =
	3: NUM, val= 0
	3: ;
4:     b = a;
	4: ID, name= b
	4: =
	4: ID, name= a
	4: ;
5: }	5: }
	5: EOF

Syntax tree:
  Type: void
    Id: exemplo
      Type: int
        Id: a
      Assign:
        Id: a
        Const: 0
      Assign:
        Id: b
        Id: a

Building Symbol Table...
Semantic error at line 4: 'b' was not declared in this scope

Symbol table:

Variable Name  Scope     ID Type  Data Type  Line Numbers             
-------------  --------  -------  ---------  -------------------------
input                    fun      int        
a              exemplo   var      int         3  4 
exemplo                  fun      void        1 
output                   fun      void       

Checking for main...
Semantic error: undefined reference to 'main'
