
C- COMPILATION: ../example/ser3_invalid_decl_void_variable.cm

Start parse():
1: void main(void)
	1: reserved word: void
	1: ID, name= main
	1: (
	1: reserved word: void
	1: )
2: {
	2: {
3:     void a;
	3: reserved word: void
	3: ID, name= a
	3: ;
4: }	4: }
	4: EOF

Syntax tree:
  Type: void
    Id: main
      Type: void
        Id: a

Building Symbol Table...

Symbol table:

Variable Name  Scope     ID Type  Data Type  Line Numbers 
-------------  --------  -------  ---------  -------------------------
main                     fun      void          1 
a              main      var      void          3 

Checking types...

Type Checking Finished
