
C- COMPILATION: ../example/ser4_variable_already_declared.cm

Start parse():
1: void main(void)
	1: reserved word: void
	1: ID, name= main
	1: (
	1: reserved word: void
	1: )
2: {
	2: {
3:     int a;
	3: reserved word: int
	3: ID, name= a
	3: ;
4:     int a;
	4: reserved word: int
	4: ID, name= a
	4: ;
5: }	5: }
	5: EOF

Syntax tree:
  Type: void
    Id: main
      Type: int
        Id: a
      Type: int
        Id: a

Building Symbol Table...

Symbol table:

Variable Name  Scope     ID Type  Data Type  Line Numbers 
-------------  --------  -------  ---------  -------------------------
main                     fun      void          1 
a              main      var      int           3    4 

Checking types...

Type Checking Finished
