
C- COMPILATION: ../example/sort.cm

Start parse():
1: /* ordenação por seleção */
2: int x[10];
	2: reserved word: int
	2: ID, name= x
	2: [
	2: NUM, val= 10
	2: ]
	2: ;
3: 
4: int minloc ( int a[], int low, int high ){
	4: reserved word: int
	4: ID, name= minloc
	4: (
	4: reserved word: int
	4: ID, name= a
	4: [
	4: ]
	4: ,
	4: reserved word: int
	4: ID, name= low
	4: ,
	4: reserved word: int
	4: ID, name= high
	4: )
	4: {
5:     int i; int x; int k;
	5: reserved word: int
	5: ID, name= i
	5: ;
	5: reserved word: int
	5: ID, name= x
	5: ;
	5: reserved word: int
	5: ID, name= k
	5: ;
6:     k = low;
	6: ID, name= k
	6: =
	6: ID, name= low
	6: ;
7:     x = a[low];
	7: ID, name= x
	7: =
	7: ID, name= a
	7: [
	7: ID, name= low
	7: ]
	7: ;
8:     i = low + 1;
	8: ID, name= i
	8: =
	8: ID, name= low
	8: +
	8: NUM, val= 1
	8: ;
9:     while(i<high){
	9: reserved word: while
	9: (
	9: ID, name= i
	9: <
	9: ID, name= high
	9: )
	9: {
10:         if(a[i] < x){
	10: reserved word: if
	10: (
	10: ID, name= a
	10: [
	10: ID, name= i
	10: ]
	10: <
	10: ID, name= x
	10: )
	10: {
11:             x = a[i];
	11: ID, name= x
	11: =
	11: ID, name= a
	11: [
	11: ID, name= i
	11: ]
	11: ;
12:             k = i;
	12: ID, name= k
	12: =
	12: ID, name= i
	12: ;
13:         }
	13: }
14:         i = i + 1;
	14: ID, name= i
	14: =
	14: ID, name= i
	14: +
	14: NUM, val= 1
	14: ;
15:     }
	15: }
16:     return k;
	16: reserved word: return
	16: ID, name= k
	16: ;
17: }
	17: }
18: 
19: void sort(int a[], int low, int high){
	19: reserved word: void
	19: ID, name= sort
	19: (
	19: reserved word: int
	19: ID, name= a
	19: [
	19: ]
	19: ,
	19: reserved word: int
	19: ID, name= low
	19: ,
	19: reserved word: int
	19: ID, name= high
	19: )
	19: {
20:     int i; int k;
	20: reserved word: int
	20: ID, name= i
	20: ;
	20: reserved word: int
	20: ID, name= k
	20: ;
21:     i = low;
	21: ID, name= i
	21: =
	21: ID, name= low
	21: ;
22:     while(i < high - 1 ) {
	22: reserved word: while
	22: (
	22: ID, name= i
	22: <
	22: ID, name= high
	22: -
	22: NUM, val= 1
	22: )
	22: {
23:         int t;
	23: reserved word: int
	23: ID, name= t
	23: ;
24:         k = minloc(a,i,high);
	24: ID, name= k
	24: =
	24: ID, name= minloc
	24: (
	24: ID, name= a
	24: ,
	24: ID, name= i
	24: ,
	24: ID, name= high
	24: )
	24: ;
25:         t = a[k];
	25: ID, name= t
	25: =
	25: ID, name= a
	25: [
	25: ID, name= k
	25: ]
	25: ;
26:         a[k] = a[i];
	26: ID, name= a
	26: [
	26: ID, name= k
	26: ]
	26: =
	26: ID, name= a
	26: [
	26: ID, name= i
	26: ]
	26: ;
27:         a[i] = t;
	27: ID, name= a
	27: [
	27: ID, name= i
	27: ]
	27: =
	27: ID, name= t
	27: ;
28:         i = i + 1;
	28: ID, name= i
	28: =
	28: ID, name= i
	28: +
	28: NUM, val= 1
	28: ;
29:     }
	29: }
30: }
	30: }
31: 
32: void main(void){
	32: reserved word: void
	32: ID, name= main
	32: (
	32: reserved word: void
	32: )
	32: {
33:     int i;
	33: reserved word: int
	33: ID, name= i
	33: ;
34:     i = 0;
	34: ID, name= i
	34: =
	34: NUM, val= 0
	34: ;
35:     while(i<10){
	35: reserved word: while
	35: (
	35: ID, name= i
	35: <
	35: NUM, val= 10
	35: )
	35: {
36:         x[i] = input();
	36: ID, name= x
	36: [
	36: ID, name= i
	36: ]
	36: =
	36: ID, name= input
	36: (
	36: )
	36: ;
37:         i = i + 1;
	37: ID, name= i
	37: =
	37: ID, name= i
	37: +
	37: NUM, val= 1
	37: ;
38:     }
	38: }
39:     sort(x,0,10);
	39: ID, name= sort
	39: (
	39: ID, name= x
	39: ,
	39: NUM, val= 0
	39: ,
	39: NUM, val= 10
	39: )
	39: ;
40:     i = 0;
	40: ID, name= i
	40: =
	40: NUM, val= 0
	40: ;
41:     while(i<10){
	41: reserved word: while
	41: (
	41: ID, name= i
	41: <
	41: NUM, val= 10
	41: )
	41: {
42:         output(x[i]);
	42: ID, name= output
	42: (
	42: ID, name= x
	42: [
	42: ID, name= i
	42: ]
	42: )
	42: ;
43:         i = i + 1;
	43: ID, name= i
	43: =
	43: ID, name= i
	43: +
	43: NUM, val= 1
	43: ;
44:     }
	44: }
45: }
	45: }
46: 
	46: EOF

Syntax tree:
  Type: int
    Id: x
      Const: 10
  Type: int
    Id: minloc
      Type: int
        Id: a
      Type: int
        Id: low
      Type: int
        Id: high
      Type: int
        Id: i
      Type: int
        Id: x
      Type: int
        Id: k
      Assign:
        Id: k
        Id: low
      Assign:
        Id: x
        Id: a
          Id: low
      Assign:
        Id: i
        Op: +
          Id: low
          Const: 1
      While
        Op: <
          Id: i
          Id: high
        If
          Op: <
            Id: a
              Id: i
            Id: x
          Assign:
            Id: x
            Id: a
              Id: i
          Assign:
            Id: k
            Id: i
        Assign:
          Id: i
          Op: +
            Id: i
            Const: 1
      Return
        Id: k
  Type: void
    Id: sort
      Type: int
        Id: a
      Type: int
        Id: low
      Type: int
        Id: high
      Type: int
        Id: i
      Type: int
        Id: k
      Assign:
        Id: i
        Id: low
      While
        Op: <
          Id: i
          Op: -
            Id: high
            Const: 1
        Type: int
          Id: t
        Assign:
          Id: k
          Activation: minloc
            Id: a
            Id: i
            Id: high
        Assign:
          Id: t
          Id: a
            Id: k
        Assign:
          Id: a
            Id: k
          Id: a
            Id: i
        Assign:
          Id: a
            Id: i
          Id: t
        Assign:
          Id: i
          Op: +
            Id: i
            Const: 1
  Type: void
    Id: main
      Type: int
        Id: i
      Assign:
        Id: i
        Const: 0
      While
        Op: <
          Id: i
          Const: 10
        Assign:
          Id: x
            Id: i
          Activation: input
        Assign:
          Id: i
          Op: +
            Id: i
            Const: 1
      Activation: sort
        Id: x
        Const: 0
        Const: 10
      Assign:
        Id: i
        Const: 0
      While
        Op: <
          Id: i
          Const: 10
        Activation: output
          Id: x
            Id: i
        Assign:
          Id: i
          Op: +
            Id: i
            Const: 1

Building Symbol Table...

Symbol table:

Variable Name  Scope     ID Type  Data Type  Line Numbers 
-------------  --------  -------  ---------  -------------------------
low            sort      var      int          19   21 
low            minloc    var      int           4    6    7    8 
main                     fun      void         32 
sort                     fun      void         19   39 
input                    fun      int          36 
minloc                   fun      int           4   24 
a              sort      array    int          19   24   25   26   27 
a              minloc    array    int           4    7   10   11 
i              main      var      int          33   34   35   36   37   40   41   42   43 
i              sort      var      int          20   21   22   24   26   27   28 
i              minloc    var      int           5    8    9   10   11   12   14 
k              sort      var      int          20   24   25   26 
k              minloc    var      int           5    6   12   16 
t              sort      var      int          23   25   27 
output                   fun      void         42 
x              minloc    var      int           5    7   10   11 
x                        array    int           2   36   39   42 
high           sort      var      int          19   22   24 
high           minloc    var      int           4    9 

Checking for main...

Checking types...

Semantic analysis finished
